2023-12-01 13:58:19,034 INFO     Invoking Action requested for 1 with 2 in parallel
2023-12-01 13:58:19,171 INFO     Polling for: ['af26a27eee094493a6a27eee09c493c3']
2023-12-01 13:58:20,227 INFO     Polling for: ['af26a27eee094493a6a27eee09c493c3']
2023-12-01 13:58:21,265 INFO     Polling for: ['af26a27eee094493a6a27eee09c493c3']
2023-12-01 13:58:22,300 INFO     Polling for: ['af26a27eee094493a6a27eee09c493c3']
2023-12-01 13:58:22,343 INFO     Poll completed for: af26a27eee094493a6a27eee09c493c3 in: 0:00:03.171129
2023-12-01 13:58:23,343 INFO     All the actions for this request completed in: 0:00:04.308761
2023-12-01 13:58:23,343 INFO     Invoking Action requested for 5 with 2 in parallel
2023-12-01 13:58:23,442 INFO     Polling for: ['53e4bc26c9c14b27a4bc26c9c1bb275b', '1fdd8ecb62be415b9d8ecb62be815b72']
2023-12-01 13:58:24,545 INFO     Polling for: ['53e4bc26c9c14b27a4bc26c9c1bb275b', '1fdd8ecb62be415b9d8ecb62be815b72']
2023-12-01 13:58:25,648 INFO     Polling for: ['53e4bc26c9c14b27a4bc26c9c1bb275b', '1fdd8ecb62be415b9d8ecb62be815b72']
2023-12-01 13:58:26,893 INFO     Polling for: ['53e4bc26c9c14b27a4bc26c9c1bb275b', '1fdd8ecb62be415b9d8ecb62be815b72']
2023-12-01 13:58:26,947 INFO     Poll completed for: 53e4bc26c9c14b27a4bc26c9c1bb275b in: 0:00:03.556972
2023-12-01 13:58:28,005 INFO     Polling for: ['1fdd8ecb62be415b9d8ecb62be815b72', '8f8fa0239d6241a48fa0239d6231a487']
2023-12-01 13:58:29,122 INFO     Polling for: ['1fdd8ecb62be415b9d8ecb62be815b72', '8f8fa0239d6241a48fa0239d6231a487']
2023-12-01 13:58:29,189 INFO     Poll completed for: 1fdd8ecb62be415b9d8ecb62be815b72 in: 0:00:05.746717
2023-12-01 13:58:30,244 INFO     Polling for: ['8f8fa0239d6241a48fa0239d6231a487', '8e64f8490d694c86a4f8490d69ac86b2']
2023-12-01 13:58:30,306 INFO     Poll completed for: 8f8fa0239d6241a48fa0239d6231a487 in: 0:00:03.256201
2023-12-01 13:58:31,356 INFO     Polling for: ['8e64f8490d694c86a4f8490d69ac86b2', 'ec0b9bb5b957406d8b9bb5b957c06d7f']
2023-12-01 13:58:32,454 INFO     Polling for: ['8e64f8490d694c86a4f8490d69ac86b2', 'ec0b9bb5b957406d8b9bb5b957c06d7f']
2023-12-01 13:58:33,558 INFO     Polling for: ['8e64f8490d694c86a4f8490d69ac86b2', 'ec0b9bb5b957406d8b9bb5b957c06d7f']
2023-12-01 13:58:33,614 INFO     Poll completed for: 8e64f8490d694c86a4f8490d69ac86b2 in: 0:00:04.319979
2023-12-01 13:58:34,678 INFO     Polling for: ['ec0b9bb5b957406d8b9bb5b957c06d7f']
2023-12-01 13:58:34,720 INFO     Poll completed for: ec0b9bb5b957406d8b9bb5b957c06d7f in: 0:00:04.305570
2023-12-01 13:58:35,721 INFO     All the actions for this request completed in: 0:00:12.377453
2023-12-01 13:58:35,721 INFO     Invoking Action requested for 1 with 2 in parallel
2023-12-01 13:58:35,766 INFO     Polling for: ['f71ea141b6404a369ea141b6408a361d']
2023-12-01 13:58:36,816 INFO     Polling for: ['f71ea141b6404a369ea141b6408a361d']
2023-12-01 13:58:37,871 INFO     Polling for: ['f71ea141b6404a369ea141b6408a361d']
2023-12-01 13:58:38,924 INFO     Polling for: ['f71ea141b6404a369ea141b6408a361d']
2023-12-01 13:58:39,974 INFO     Polling for: ['f71ea141b6404a369ea141b6408a361d']
2023-12-01 13:58:41,023 INFO     Polling for: ['f71ea141b6404a369ea141b6408a361d']
2023-12-01 13:58:42,112 INFO     Polling for: ['f71ea141b6404a369ea141b6408a361d']
2023-12-01 13:58:43,257 INFO     Polling for: ['f71ea141b6404a369ea141b6408a361d']
2023-12-01 13:58:44,314 INFO     Polling for: ['f71ea141b6404a369ea141b6408a361d']
2023-12-01 13:58:45,374 INFO     Polling for: ['f71ea141b6404a369ea141b6408a361d']
2023-12-01 13:58:46,461 INFO     Polling for: ['f71ea141b6404a369ea141b6408a361d']
2023-12-01 13:58:46,512 INFO     Poll completed for: f71ea141b6404a369ea141b6408a361d in: 0:00:10.745703
2023-12-01 13:58:47,512 INFO     All the actions for this request completed in: 0:00:11.791085
